<?xml version="1.0" encoding="UTF-8"?>
<testng-results skipped="0" failed="0" ignored="0" total="1" passed="1">
  <reporter-output>
  </reporter-output>
  <suite name="Default suite" duration-ms="45046" started-at="2019-12-31T14:03:47 PST" finished-at="2019-12-31T14:04:32 PST">
    <groups>
    </groups>
    <test name="Default test" duration-ms="45046" started-at="2019-12-31T14:03:47 PST" finished-at="2019-12-31T14:04:32 PST">
      <class name="xerorRunner.testRunnerXero">
        <test-method status="PASS" signature="setUpClass()[pri:0, instance:xerorRunner.testRunnerXero@1445d7f]" name="setUpClass" is-config="true" duration-ms="512" started-at="2019-12-31T14:03:47 PST" finished-at="2019-12-31T14:03:47 PST">
          <reporter-output>
          </reporter-output>
        </test-method> <!-- setUpClass -->
        <test-method status="PASS" signature="feature(cucumber.api.testng.CucumberFeatureWrapper)[pri:0, instance:xerorRunner.testRunnerXero@1445d7f]" name="feature" duration-ms="44242" started-at="2019-12-31T14:03:47 PST" data-provider="features" finished-at="2019-12-31T14:04:32 PST">
          <params>
            <param index="0">
              <value>
                <![CDATA[Automate testCase in xero]]>
              </value>
            </param>
          </params>
          <reporter-output>
          </reporter-output>
        </test-method> <!-- feature -->
        <test-method status="PASS" signature="tearDownClass()[pri:0, instance:xerorRunner.testRunnerXero@1445d7f]" name="tearDownClass" is-config="true" duration-ms="92" started-at="2019-12-31T14:04:32 PST" finished-at="2019-12-31T14:04:32 PST">
          <reporter-output>
          </reporter-output>
        </test-method> <!-- tearDownClass -->
      </class> <!-- xerorRunner.testRunnerXero -->
    </test> <!-- Default test -->
  </suite> <!-- Default suite -->
</testng-results>
